2017-09-13 08:50:35,410 [Worker-6] INFO  c.g.t.t.d.PublishedGradleVersions - Gradle version information cache is out-of-date. Trying to update.
2017-09-13 08:54:21,693 [Worker-0] INFO  o.e.m.i.launch.MavenLaunchDelegate - C:\Users\YToropov\Documents\GitHub\SparkStreamingCTK
2017-09-13 08:54:21,696 [Worker-0] INFO  o.e.m.i.launch.MavenLaunchDelegate -  mvn -B clean install
2017-09-13 08:59:18,422 [Worker-10] WARN  o.e.m.c.i.embedder.EclipseLogger - The POM for it.cnr.iac:ctakes-clinical-pipeline:jar:0.0.1-SNAPSHOT is missing, no dependency information available
2017-09-13 09:00:15,507 [main] ERROR o.e.m.c.u.i.actions.OpenPomAction - Could not resolve artifact it.cnr.iac:ctakes-clinical-pipeline:pom:0.0.1-SNAPSHOT
org.eclipse.core.runtime.CoreException: Could not resolve artifact it.cnr.iac:ctakes-clinical-pipeline:pom:0.0.1-SNAPSHOT
	at org.eclipse.m2e.core.internal.embedder.MavenImpl$5.call(MavenImpl.java:776) ~[org.eclipse.m2e.core_1.8.0.20170516-2043.jar:na]
	at org.eclipse.m2e.core.internal.embedder.MavenImpl$5.call(MavenImpl.java:1) ~[org.eclipse.m2e.core_1.8.0.20170516-2043.jar:na]
	at org.eclipse.m2e.core.internal.embedder.MavenExecutionContext.executeBare(MavenExecutionContext.java:177) ~[org.eclipse.m2e.core_1.8.0.20170516-2043.jar:na]
	at org.eclipse.m2e.core.internal.embedder.MavenExecutionContext.execute(MavenExecutionContext.java:151) ~[org.eclipse.m2e.core_1.8.0.20170516-2043.jar:na]
	at org.eclipse.m2e.core.internal.embedder.MavenExecutionContext.execute(MavenExecutionContext.java:99) ~[org.eclipse.m2e.core_1.8.0.20170516-2043.jar:na]
	at org.eclipse.m2e.core.internal.embedder.MavenImpl.resolve(MavenImpl.java:743) ~[org.eclipse.m2e.core_1.8.0.20170516-2043.jar:na]
	at org.eclipse.m2e.core.internal.embedder.MavenImpl.resolve(MavenImpl.java:720) ~[org.eclipse.m2e.core_1.8.0.20170516-2043.jar:na]
	at org.eclipse.m2e.core.ui.internal.actions.OpenPomAction.openPomEditor(OpenPomAction.java:243) [org.eclipse.m2e.core.ui_1.8.0.20170516-2043.jar:na]
	at org.eclipse.m2e.core.ui.internal.actions.OpenPomAction.openEditor(OpenPomAction.java:218) [org.eclipse.m2e.core.ui_1.8.0.20170516-2043.jar:na]
	at org.eclipse.m2e.editor.pom.DependencyTreePage$3.open(DependencyTreePage.java:315) [org.eclipse.m2e.editor_1.8.0.20170516-2043.jar:na]
	at org.eclipse.jface.viewers.StructuredViewer$2.run(StructuredViewer.java:851) [org.eclipse.jface_3.13.0.v20170503-1507.jar:na]
	at org.eclipse.core.runtime.SafeRunner.run(SafeRunner.java:42) [org.eclipse.equinox.common_3.9.0.v20170207-1454.jar:na]
	at org.eclipse.ui.internal.JFaceUtil.lambda$0(JFaceUtil.java:44) [org.eclipse.ui.workbench_3.110.0.v20170612-1255.jar:na]
	at org.eclipse.jface.util.SafeRunnable.run(SafeRunnable.java:173) ~[org.eclipse.jface_3.13.0.v20170503-1507.jar:na]
	at org.eclipse.jface.viewers.StructuredViewer.fireOpen(StructuredViewer.java:848) ~[org.eclipse.jface_3.13.0.v20170503-1507.jar:na]
	at org.eclipse.jface.viewers.StructuredViewer.handleOpen(StructuredViewer.java:1163) ~[org.eclipse.jface_3.13.0.v20170503-1507.jar:na]
	at org.eclipse.jface.util.OpenStrategy.fireOpenEvent(OpenStrategy.java:273) ~[org.eclipse.jface_3.13.0.v20170503-1507.jar:na]
	at org.eclipse.jface.util.OpenStrategy.access$2(OpenStrategy.java:268) ~[org.eclipse.jface_3.13.0.v20170503-1507.jar:na]
	at org.eclipse.jface.util.OpenStrategy$1.handleEvent(OpenStrategy.java:308) ~[org.eclipse.jface_3.13.0.v20170503-1507.jar:na]
	at org.eclipse.swt.widgets.EventTable.sendEvent(EventTable.java:86) ~[org.eclipse.swt.win32.win32.x86_64_3.106.0.v20170608-0516.jar:na]
	at org.eclipse.swt.widgets.Display.sendEvent(Display.java:4428) ~[org.eclipse.swt.win32.win32.x86_64_3.106.0.v20170608-0516.jar:na]
	at org.eclipse.swt.widgets.Widget.sendEvent(Widget.java:1079) ~[org.eclipse.swt.win32.win32.x86_64_3.106.0.v20170608-0516.jar:na]
	at org.eclipse.swt.widgets.Display.runDeferredEvents(Display.java:4238) ~[org.eclipse.swt.win32.win32.x86_64_3.106.0.v20170608-0516.jar:na]
	at org.eclipse.swt.widgets.Display.readAndDispatch(Display.java:3817) ~[org.eclipse.swt.win32.win32.x86_64_3.106.0.v20170608-0516.jar:na]
	at org.eclipse.e4.ui.internal.workbench.swt.PartRenderingEngine$5.run(PartRenderingEngine.java:1155) ~[org.eclipse.e4.ui.workbench.swt_0.14.100.v20170519-1601.jar:na]
	at org.eclipse.core.databinding.observable.Realm.runWithDefault(Realm.java:336) ~[org.eclipse.core.databinding.observable_1.6.100.v20170515-1119.jar:na]
	at org.eclipse.e4.ui.internal.workbench.swt.PartRenderingEngine.run(PartRenderingEngine.java:1044) ~[org.eclipse.e4.ui.workbench.swt_0.14.100.v20170519-1601.jar:na]
	at org.eclipse.e4.ui.internal.workbench.E4Workbench.createAndRunUI(E4Workbench.java:153) ~[org.eclipse.e4.ui.workbench_1.5.0.v20170412-0908.jar:na]
	at org.eclipse.ui.internal.Workbench.lambda$3(Workbench.java:680) ~[org.eclipse.ui.workbench_3.110.0.v20170612-1255.jar:na]
	at org.eclipse.core.databinding.observable.Realm.runWithDefault(Realm.java:336) ~[org.eclipse.core.databinding.observable_1.6.100.v20170515-1119.jar:na]
	at org.eclipse.ui.internal.Workbench.createAndRunWorkbench(Workbench.java:594) ~[org.eclipse.ui.workbench_3.110.0.v20170612-1255.jar:na]
	at org.eclipse.ui.PlatformUI.createAndRunWorkbench(PlatformUI.java:148) ~[org.eclipse.ui.workbench_3.110.0.v20170612-1255.jar:na]
	at org.eclipse.ui.internal.ide.application.IDEApplication.start(IDEApplication.java:151) ~[na:na]
	at org.eclipse.equinox.internal.app.EclipseAppHandle.run(EclipseAppHandle.java:196) ~[org.eclipse.equinox.app_1.3.400.v20150715-1528.jar:na]
	at org.eclipse.core.runtime.internal.adaptor.EclipseAppLauncher.runApplication(EclipseAppLauncher.java:134) ~[org.eclipse.osgi_3.12.0.v20170512-1932.jar:na]
	at org.eclipse.core.runtime.internal.adaptor.EclipseAppLauncher.start(EclipseAppLauncher.java:104) ~[org.eclipse.osgi_3.12.0.v20170512-1932.jar:na]
	at org.eclipse.core.runtime.adaptor.EclipseStarter.run(EclipseStarter.java:388) ~[org.eclipse.osgi_3.12.0.v20170512-1932.jar:na]
	at org.eclipse.core.runtime.adaptor.EclipseStarter.run(EclipseStarter.java:243) ~[org.eclipse.osgi_3.12.0.v20170512-1932.jar:na]
	at sun.reflect.NativeMethodAccessorImpl.invoke0(Native Method) ~[na:1.8.0_144]
	at sun.reflect.NativeMethodAccessorImpl.invoke(NativeMethodAccessorImpl.java:62) ~[na:1.8.0_144]
	at sun.reflect.DelegatingMethodAccessorImpl.invoke(DelegatingMethodAccessorImpl.java:43) ~[na:1.8.0_144]
	at java.lang.reflect.Method.invoke(Method.java:498) ~[na:1.8.0_144]
	at org.eclipse.equinox.launcher.Main.invokeFramework(Main.java:653) ~[org.eclipse.equinox.launcher_1.4.0.v20161219-1356.jar:na]
	at org.eclipse.equinox.launcher.Main.basicRun(Main.java:590) ~[org.eclipse.equinox.launcher_1.4.0.v20161219-1356.jar:na]
	at org.eclipse.equinox.launcher.Main.run(Main.java:1499) ~[org.eclipse.equinox.launcher_1.4.0.v20161219-1356.jar:na]
2017-09-13 09:01:58,546 [Worker-0] ERROR o.e.m.c.u.i.actions.OpenPomAction - Could not resolve artifact it.cnr.iac:ctakes-clinical-pipeline:pom:0.0.1-SNAPSHOT
org.eclipse.core.runtime.CoreException: Could not resolve artifact it.cnr.iac:ctakes-clinical-pipeline:pom:0.0.1-SNAPSHOT
	at org.eclipse.m2e.core.internal.embedder.MavenImpl$5.call(MavenImpl.java:776) ~[org.eclipse.m2e.core_1.8.0.20170516-2043.jar:na]
	at org.eclipse.m2e.core.internal.embedder.MavenImpl$5.call(MavenImpl.java:1) ~[org.eclipse.m2e.core_1.8.0.20170516-2043.jar:na]
	at org.eclipse.m2e.core.internal.embedder.MavenExecutionContext.executeBare(MavenExecutionContext.java:177) ~[org.eclipse.m2e.core_1.8.0.20170516-2043.jar:na]
	at org.eclipse.m2e.core.internal.embedder.MavenExecutionContext.execute(MavenExecutionContext.java:151) ~[org.eclipse.m2e.core_1.8.0.20170516-2043.jar:na]
	at org.eclipse.m2e.core.internal.embedder.MavenExecutionContext.execute(MavenExecutionContext.java:99) ~[org.eclipse.m2e.core_1.8.0.20170516-2043.jar:na]
	at org.eclipse.m2e.core.internal.embedder.MavenImpl.resolve(MavenImpl.java:743) ~[org.eclipse.m2e.core_1.8.0.20170516-2043.jar:na]
	at org.eclipse.m2e.core.internal.embedder.MavenImpl.resolve(MavenImpl.java:720) ~[org.eclipse.m2e.core_1.8.0.20170516-2043.jar:na]
	at org.eclipse.m2e.core.ui.internal.actions.OpenPomAction.openPomEditor(OpenPomAction.java:243) [org.eclipse.m2e.core.ui_1.8.0.20170516-2043.jar:na]
	at org.eclipse.m2e.core.ui.internal.actions.OpenPomAction.openEditor(OpenPomAction.java:218) [org.eclipse.m2e.core.ui_1.8.0.20170516-2043.jar:na]
	at org.eclipse.m2e.core.ui.internal.actions.OpenPomAction$1.run(OpenPomAction.java:129) [org.eclipse.m2e.core.ui_1.8.0.20170516-2043.jar:na]
	at org.eclipse.core.internal.jobs.Worker.run(Worker.java:56) [org.eclipse.core.jobs_3.9.0.v20170322-0013.jar:na]
2017-09-13 09:02:54,842 [Worker-15] INFO  o.e.m.i.launch.MavenLaunchDelegate - C:\Users\YToropov\Documents\GitHub\SparkStreamingCTK
2017-09-13 09:02:54,842 [Worker-15] INFO  o.e.m.i.launch.MavenLaunchDelegate -  mvn -B clean install
2017-09-13 09:26:39,569 [Worker-7] INFO  o.e.m.i.launch.MavenLaunchDelegate - C:\Users\YToropov\Documents\GitHub\ctakes-clinical-pipeline
2017-09-13 09:26:39,569 [Worker-7] INFO  o.e.m.i.launch.MavenLaunchDelegate -  mvn -B clean install
2017-09-13 09:31:02,467 [Worker-10] INFO  o.e.m.i.launch.MavenLaunchDelegate - C:\Users\YToropov\Documents\GitHub\SparkStreamingCTK
2017-09-13 09:31:02,467 [Worker-10] INFO  o.e.m.i.launch.MavenLaunchDelegate -  mvn -B clean install
2017-09-13 12:52:45,070 [Worker-59] INFO  c.g.t.t.d.PublishedGradleVersions - Gradle version information cache is up-to-date. Trying to read.
2017-09-13 12:53:56,986 [Worker-57] INFO  o.e.m.i.launch.MavenLaunchDelegate - C:\Users\YToropov\Documents\GitHub\SparkStreamingCTK
2017-09-13 12:53:56,988 [Worker-57] INFO  o.e.m.i.launch.MavenLaunchDelegate -  mvn -B clean install
2017-09-13 13:07:00,472 [Worker-64] INFO  o.e.m.i.launch.MavenLaunchDelegate - C:\Users\YToropov\Documents\GitHub\SparkStreamingCTK
2017-09-13 13:07:00,472 [Worker-64] INFO  o.e.m.i.launch.MavenLaunchDelegate -  mvn -B clean install
2017-09-13 13:13:13,472 [Worker-68] INFO  o.e.m.i.launch.MavenLaunchDelegate - C:\Users\YToropov\Documents\GitHub\SparkStreamingCTK
2017-09-13 13:13:13,475 [Worker-68] INFO  o.e.m.i.launch.MavenLaunchDelegate -  mvn -B clean install
2017-09-13 13:25:42,942 [Worker-68] INFO  o.e.m.i.launch.MavenLaunchDelegate - C:\Users\YToropov\Documents\GitHub\SparkStreamingCTK
2017-09-13 13:25:42,942 [Worker-68] INFO  o.e.m.i.launch.MavenLaunchDelegate -  mvn -B clean install
2017-09-13 13:28:29,042 [Worker-73] INFO  o.e.m.i.launch.MavenLaunchDelegate - C:\Users\YToropov\Documents\GitHub\SparkStreamingCTK
2017-09-13 13:28:29,042 [Worker-73] INFO  o.e.m.i.launch.MavenLaunchDelegate -  mvn -B clean install
2017-09-13 13:33:42,245 [Worker-64] INFO  o.e.m.i.launch.MavenLaunchDelegate - C:\Users\YToropov\Documents\GitHub\SparkStreamingCTK
2017-09-13 13:33:42,245 [Worker-64] INFO  o.e.m.i.launch.MavenLaunchDelegate -  mvn -B clean install
2017-09-13 13:35:13,599 [Worker-70] INFO  o.e.m.i.launch.MavenLaunchDelegate - C:\Users\YToropov\Documents\GitHub\SparkStreamingCTK
2017-09-13 13:35:13,602 [Worker-70] INFO  o.e.m.i.launch.MavenLaunchDelegate -  mvn -B clean install
2017-09-13 13:40:21,987 [Worker-82] INFO  o.e.m.i.launch.MavenLaunchDelegate - C:\Users\YToropov\Documents\GitHub\SparkStreamingCTK
2017-09-13 13:40:21,987 [Worker-82] INFO  o.e.m.i.launch.MavenLaunchDelegate -  mvn -B clean install
2017-09-13 13:42:36,172 [Worker-80] INFO  o.e.m.i.launch.MavenLaunchDelegate - C:\Users\YToropov\Documents\GitHub\SparkStreamingCTK
2017-09-13 13:42:36,172 [Worker-80] INFO  o.e.m.i.launch.MavenLaunchDelegate -  mvn -B clean install
2017-09-13 13:43:17,820 [Worker-85] INFO  o.e.m.i.launch.MavenLaunchDelegate - C:\Users\YToropov\Documents\GitHub\SparkStreamingCTK
2017-09-13 13:43:17,821 [Worker-85] INFO  o.e.m.i.launch.MavenLaunchDelegate -  mvn -B clean install
2017-09-13 13:49:13,256 [Worker-87] INFO  o.e.m.i.launch.MavenLaunchDelegate - C:\Users\YToropov\Documents\GitHub\SparkStreamingCTK
2017-09-13 13:49:13,259 [Worker-87] INFO  o.e.m.i.launch.MavenLaunchDelegate -  mvn -B clean install
2017-09-13 14:26:25,517 [Worker-91] INFO  o.e.m.i.launch.MavenLaunchDelegate - C:\Users\YToropov\Documents\GitHub\SparkStreamingCTK
2017-09-13 14:26:25,517 [Worker-91] INFO  o.e.m.i.launch.MavenLaunchDelegate -  mvn -B clean install
2017-09-13 14:43:58,305 [Worker-100] INFO  o.e.m.i.launch.MavenLaunchDelegate - C:\Users\YToropov\Documents\GitHub\SparkStreamingCTK
2017-09-13 14:43:58,306 [Worker-100] INFO  o.e.m.i.launch.MavenLaunchDelegate -  mvn -B clean install
2017-09-13 14:44:14,201 [Worker-100] INFO  o.e.m.i.launch.MavenLaunchDelegate - C:\Users\YToropov\Documents\GitHub\SparkStreamingCTK
2017-09-13 14:44:14,202 [Worker-100] INFO  o.e.m.i.launch.MavenLaunchDelegate -  mvn -B clean install
2017-09-13 14:46:49,170 [Worker-100] INFO  o.e.m.i.launch.MavenLaunchDelegate - C:\Users\YToropov\Documents\GitHub\ctakes-clinical-pipeline
2017-09-13 14:46:49,172 [Worker-100] INFO  o.e.m.i.launch.MavenLaunchDelegate -  mvn -B clean install
2017-09-13 14:47:25,014 [Worker-102] INFO  o.e.m.i.launch.MavenLaunchDelegate - C:\Users\YToropov\Documents\GitHub\SparkStreamingCTK
2017-09-13 14:47:25,014 [Worker-102] INFO  o.e.m.i.launch.MavenLaunchDelegate -  mvn -B clean install
2017-09-13 15:24:24,653 [Worker-109] INFO  o.e.m.i.launch.MavenLaunchDelegate - C:\Users\YToropov\Documents\GitHub\SparkStreamingCTK
2017-09-13 15:24:24,653 [Worker-109] INFO  o.e.m.i.launch.MavenLaunchDelegate -  mvn -B clean install
2017-09-28 11:23:06,102 [Worker-23] INFO  c.g.t.t.d.PublishedGradleVersions - Gradle version information cache is up-to-date. Trying to read.
2017-09-29 06:11:13,844 [Worker-138] INFO  o.e.m.i.launch.MavenLaunchDelegate - C:\Users\YToropov\Documents\GitHub\SparkStreamingCTK
2017-09-29 06:11:13,847 [Worker-138] INFO  o.e.m.i.launch.MavenLaunchDelegate -  mvn -B clean install
